SF:lib/src/constants/dummy_data.dart
DA:16,0
DA:17,0
DA:20,0
DA:21,0
DA:22,0
DA:24,0
DA:26,0
DA:27,0
DA:28,0
DA:29,0
DA:31,0
DA:33,0
DA:35,0
DA:38,0
DA:39,0
LF:15
LH:0
end_of_record
SF:lib/src/features/decks/data/fake_decks_repository.g.dart
DA:9,0
DA:13,0
DA:14,0
DA:25,0
DA:29,0
DA:40,0
DA:44,0
DA:55,0
DA:59,0
DA:61,0
DA:63,0
DA:65,0
DA:66,0
DA:69,0
DA:71,0
DA:73,0
DA:74,0
DA:85,1
DA:88,0
DA:91,0
DA:96,0
DA:100,0
DA:101,0
DA:107,0
DA:112,0
DA:116,0
DA:123,0
DA:125,0
DA:126,0
DA:142,0
DA:150,0
DA:154,0
DA:158,0
DA:160,0
DA:161,0
DA:162,0
DA:167,0
DA:172,0
DA:174,0
DA:177,0
DA:179,0
DA:182,0
DA:184,0
DA:185,0
DA:187,0
DA:198,0
DA:200,0
DA:201,0
LF:48
LH:1
end_of_record
SF:lib/src/features/decks/data/fake_decks_repository.dart
DA:10,1
DA:17,3
DA:19,1
DA:20,4
DA:21,2
DA:25,1
DA:26,2
DA:27,4
DA:30,1
DA:31,2
DA:32,3
DA:35,1
DA:36,1
DA:37,1
DA:38,1
DA:39,2
DA:43,1
DA:44,1
DA:45,1
DA:46,2
DA:51,0
DA:53,0
DA:56,0
DA:58,0
DA:59,0
DA:62,0
DA:64,0
DA:65,0
DA:68,0
DA:70,0
DA:71,0
LF:31
LH:20
end_of_record
SF:lib/src/features/decks/domain/deck.dart
DA:5,2
DA:13,0
DA:17,0
DA:18,0
DA:19,0
LF:5
LH:1
end_of_record
SF:lib/src/features/flashcards/domain/flashcard.dart
DA:7,0
DA:19,0
DA:20,0
DA:21,0
DA:22,0
DA:23,0
DA:24,0
DA:28,0
DA:29,0
DA:30,0
DA:31,0
DA:32,0
DA:33,0
LF:13
LH:0
end_of_record
SF:lib/src/utils/fake_async_util.dart
DA:3,1
DA:5,2
DA:7,1
DA:11,1
DA:14,1
DA:15,1
DA:16,1
DA:17,1
LF:8
LH:8
end_of_record
SF:lib/src/utils/in_memory_store.dart
DA:6,2
DA:12,3
DA:15,3
DA:18,3
DA:21,0
LF:5
LH:4
end_of_record
